{
  "stats": {
    "suites": 1,
    "tests": 1,
    "passes": 1,
    "pending": 0,
    "failures": 0,
    "start": "2021-11-04T07:51:58.223Z",
    "end": "2021-11-04T07:51:58.332Z",
    "duration": 109,
    "testsRegistered": 1,
    "passPercent": 100,
    "pendingPercent": 0,
    "other": 0,
    "hasOther": false,
    "skipped": 0,
    "hasSkipped": false
  },
  "results": [
    {
      "uuid": "48ab0a71-e3a7-4a12-9757-ff942062fd79",
      "title": "",
      "fullFile": "",
      "file": "",
      "beforeHooks": [],
      "afterHooks": [],
      "tests": [],
      "suites": [
        {
          "uuid": "478c2d0f-a44b-45eb-978b-0da5a2215794",
          "title": "test",
          "fullFile": "/Users/admin/myCode/autoTestProjects/mocha-test/test/test_http.js",
          "file": "/test/test_http.js",
          "beforeHooks": [],
          "afterHooks": [],
          "tests": [
            {
              "title": "机构管理员登录",
              "fullTitle": "test 机构管理员登录",
              "timedOut": false,
              "duration": 105,
              "state": "passed",
              "speed": "slow",
              "pass": true,
              "fail": false,
              "pending": false,
              "context": null,
              "code": "let headers = {'Content-Type': 'application/json'}\nlet reqBody = {\n    \"grant_type\": \"password\",\n    \"username\": \"superAdmin_38140798\",\n    \"password\": \"123321\",\n    \"client_id\": \"web_app\",\n    \"client_secret\": \"changeit\"\n};\nlet res = await httpRequestAsync({method: 'POST',headers:headers,\n    path:'/api/v1/auth/login',reqBody:reqBody});\nconsole.log(res);\nassert.deepEqual(res.status,422);",
              "err": {},
              "uuid": "a5699ba4-5e03-4451-8931-c99a70974c75",
              "parentUUID": "478c2d0f-a44b-45eb-978b-0da5a2215794",
              "isHook": false,
              "skipped": false
            }
          ],
          "suites": [],
          "passes": [
            "a5699ba4-5e03-4451-8931-c99a70974c75"
          ],
          "failures": [],
          "pending": [],
          "skipped": [],
          "duration": 105,
          "root": false,
          "rootEmpty": false,
          "_timeout": 2000
        }
      ],
      "passes": [],
      "failures": [],
      "pending": [],
      "skipped": [],
      "duration": 0,
      "root": true,
      "rootEmpty": true,
      "_timeout": 2000
    }
  ],
  "meta": {
    "mocha": {
      "version": "9.1.2"
    },
    "mochawesome": {
      "options": {
        "quiet": false,
        "reportFilename": "mochawesome",
        "saveHtml": true,
        "saveJson": true,
        "consoleReporter": "spec",
        "useInlineDiffs": false,
        "code": true
      },
      "version": "6.3.1"
    },
    "marge": {
      "options": {
        "alwaysCopyAssets": "true"
      },
      "version": "5.2.0"
    }
  }
}