{
  "stats": {
    "suites": 1,
    "tests": 1,
    "passes": 1,
    "pending": 0,
    "failures": 0,
    "start": "2021-10-20T07:30:24.157Z",
    "end": "2021-10-20T07:30:24.261Z",
    "duration": 104,
    "testsRegistered": 1,
    "passPercent": 100,
    "pendingPercent": 0,
    "other": 0,
    "hasOther": false,
    "skipped": 0,
    "hasSkipped": false
  },
  "results": [
    {
      "uuid": "e54e8641-e8b3-4098-9605-cce830e6ec50",
      "title": "",
      "fullFile": "",
      "file": "",
      "beforeHooks": [],
      "afterHooks": [],
      "tests": [],
      "suites": [
        {
          "uuid": "701c4794-914e-4e20-ba6d-821d59c71ca2",
          "title": "test",
          "fullFile": "/Users/admin/myCode/autoTestProjects/mocha-test/test/test_http.js",
          "file": "/test/test_http.js",
          "beforeHooks": [],
          "afterHooks": [],
          "tests": [
            {
              "title": "机构管理员登录",
              "fullTitle": "test 机构管理员登录",
              "timedOut": false,
              "duration": 99,
              "state": "passed",
              "speed": "slow",
              "pass": true,
              "fail": false,
              "pending": false,
              "context": null,
              "code": "let res = await httpRequestAsync()\nconsole.log(res)",
              "err": {},
              "uuid": "fecf64c2-801e-4e3e-8316-76d056ebc527",
              "parentUUID": "701c4794-914e-4e20-ba6d-821d59c71ca2",
              "isHook": false,
              "skipped": false
            }
          ],
          "suites": [],
          "passes": [
            "fecf64c2-801e-4e3e-8316-76d056ebc527"
          ],
          "failures": [],
          "pending": [],
          "skipped": [],
          "duration": 99,
          "root": false,
          "rootEmpty": false,
          "_timeout": 2000
        }
      ],
      "passes": [],
      "failures": [],
      "pending": [],
      "skipped": [],
      "duration": 0,
      "root": true,
      "rootEmpty": true,
      "_timeout": 2000
    }
  ],
  "meta": {
    "mocha": {
      "version": "9.1.2"
    },
    "mochawesome": {
      "options": {
        "quiet": false,
        "reportFilename": "mochawesome",
        "saveHtml": true,
        "saveJson": true,
        "consoleReporter": "spec",
        "useInlineDiffs": false,
        "code": true
      },
      "version": "6.3.1"
    },
    "marge": {
      "options": null,
      "version": "5.2.0"
    }
  }
}