{
  "stats": {
    "suites": 1,
    "tests": 1,
    "passes": 1,
    "pending": 0,
    "failures": 0,
    "start": "2021-10-11T06:44:41.155Z",
    "end": "2021-10-11T06:44:41.236Z",
    "duration": 81,
    "testsRegistered": 1,
    "passPercent": 100,
    "pendingPercent": 0,
    "other": 0,
    "hasOther": false,
    "skipped": 0,
    "hasSkipped": false
  },
  "results": [
    {
      "uuid": "49428f53-8bc0-4374-8d2e-9abeec3726e7",
      "title": "",
      "fullFile": "",
      "file": "",
      "beforeHooks": [],
      "afterHooks": [],
      "tests": [],
      "suites": [
        {
          "uuid": "4ea094fa-144c-4448-a4ff-b37d99c8f0e7",
          "title": "test",
          "fullFile": "/Users/admin/myCode/autoTestProjects/mocha-test/test/test_http.js",
          "file": "/test/test_http.js",
          "beforeHooks": [],
          "afterHooks": [],
          "tests": [
            {
              "title": "机构管理员登录",
              "fullTitle": "test 机构管理员登录",
              "timedOut": false,
              "duration": 77,
              "state": "passed",
              "speed": "slow",
              "pass": true,
              "fail": false,
              "pending": false,
              "context": null,
              "code": "let res = await httpRequestAsync()\nconsole.log(res)",
              "err": {},
              "uuid": "020590c8-67b9-4aaf-b9d3-4ee7ec7d3938",
              "parentUUID": "4ea094fa-144c-4448-a4ff-b37d99c8f0e7",
              "isHook": false,
              "skipped": false
            }
          ],
          "suites": [],
          "passes": [
            "020590c8-67b9-4aaf-b9d3-4ee7ec7d3938"
          ],
          "failures": [],
          "pending": [],
          "skipped": [],
          "duration": 77,
          "root": false,
          "rootEmpty": false,
          "_timeout": 2000
        }
      ],
      "passes": [],
      "failures": [],
      "pending": [],
      "skipped": [],
      "duration": 0,
      "root": true,
      "rootEmpty": true,
      "_timeout": 2000
    }
  ],
  "meta": {
    "mocha": {
      "version": "9.1.2"
    },
    "mochawesome": {
      "options": {
        "quiet": false,
        "reportFilename": "mochawesome",
        "saveHtml": true,
        "saveJson": true,
        "consoleReporter": "spec",
        "useInlineDiffs": false,
        "code": true
      },
      "version": "6.3.1"
    },
    "marge": {
      "options": null,
      "version": "5.2.0"
    }
  }
}